


ARM Macro Assembler    Page 1 


    1 00000000                 AREA             |.text|,CODE,READONLY,ALIGN=2
    2 00000000                 THUMB
    3 00000000                 PRESERVE8
    4 00000000                 EXTERN           currentPt
    5 00000000                 EXPORT           PendSV_Handler
    6 00000000                 EXPORT           osSchedularLaunch
    7 00000000                 IMPORT           osSchedulerPeriodicRR
    8 00000000         
    9 00000000         PendSV_Handler                       ;save r0,r1,r2,r3,r
                                                            12,lr,pc,psr  
   10 00000000 B672            CPSID            I
   11 00000002 E92D 0FF0       PUSH             {R4-R11}
   12 00000006 480F            LDR              R0,=currentPt
   13 00000008 6801            LDR              R1,[R0]
   14 0000000A         
   15 0000000A F8C1 D000       STR              SP,[R1]
   16 0000000E         
   17 0000000E B501            PUSH             {R0,LR}
   18 00000010 F7FF FFFE       BL               osSchedulerPeriodicRR
   19 00000014 E8BD 4001       POP              {R0,LR}
   20 00000018 6801            LDR              R1,[R0]     ;R1 = currentPt i.e
                                                             New thread
   21 0000001A F8D1 D000       LDR              SP,[R1]
   22 0000001E         
   23 0000001E E8BD 0FF0       POP              {R4-R11}
   24 00000022 B662            CPSIE            I
   25 00000024 4770            BX               LR
   26 00000026         
   27 00000026         
   28 00000026         osSchedularLaunch
   29 00000026 4807            LDR              R0,=currentPt
   30 00000028 6802            LDR              R2,[R0]
   31 0000002A         
   32 0000002A F8D2 D000       LDR              SP,[R2]
   33 0000002E         
   34 0000002E E8BD 0FF0       POP              {R4-R11}
   35 00000032 BC0F            POP              {R0-R3}
   36 00000034 F85D CB04       POP              {R12}
   37 00000038 B001            ADD              SP,SP,#4
   38 0000003A F85D EB04       POP              {LR}
   39 0000003E B001            ADD              SP,SP,#4
   40 00000040 B662            CPSIE            I
   41 00000042 4770            BX               LR
   42 00000044                 ALIGN
   43 00000044                 END
              00000000 
Command Line: --debug --xref --diag_suppress=9931 --cpu=Cortex-M4.fp --apcs=int
erwork --depend=.\objects\oskernel_1.d -o.\objects\oskernel_1.o -I.\RTE\_stm32f
4 -IC:\Users\Israel\AppData\Local\Arm\Packs\ARM\CMSIS\5.5.1\CMSIS\Core\Include 
-IC:\Users\Israel\AppData\Local\Arm\Packs\Keil\STM32F4xx_DFP\2.14.0\Drivers\CMS
IS\Device\ST\STM32F4xx\Include --predefine="__EVAL SETA 1" --predefine="__UVISI
ON_VERSION SETA 528" --predefine="_RTE_ SETA 1" --predefine="STM32F411xE SETA 1
" --list=.\listings\oskernel.lst osKernel.s



ARM Macro Assembler    Page 1 Alphabetic symbol ordering
Relocatable symbols

.text 00000000

Symbol: .text
   Definitions
      At line 1 in file osKernel.s
   Uses
      None
Comment: .text unused
PendSV_Handler 00000000

Symbol: PendSV_Handler
   Definitions
      At line 9 in file osKernel.s
   Uses
      At line 5 in file osKernel.s
Comment: PendSV_Handler used once
osSchedularLaunch 00000026

Symbol: osSchedularLaunch
   Definitions
      At line 28 in file osKernel.s
   Uses
      At line 6 in file osKernel.s
Comment: osSchedularLaunch used once
3 symbols



ARM Macro Assembler    Page 1 Alphabetic symbol ordering
External symbols

currentPt 00000000

Symbol: currentPt
   Definitions
      At line 4 in file osKernel.s
   Uses
      At line 12 in file osKernel.s
      At line 29 in file osKernel.s

osSchedulerPeriodicRR 00000000

Symbol: osSchedulerPeriodicRR
   Definitions
      At line 7 in file osKernel.s
   Uses
      At line 18 in file osKernel.s
Comment: osSchedulerPeriodicRR used once
2 symbols
342 symbols in table
